<html>
<head>
<title>TestNG:  Ecart Tests</title>
<link href="../testng.css" rel="stylesheet" type="text/css" />
<link href="../my-testng.css" rel="stylesheet" type="text/css" />

<style type="text/css">
.log { display: none;} 
.stack-trace { display: none;} 
</style>
<script type="text/javascript">
<!--
function flip(e) {
  current = e.style.display;
  if (current == 'block') {
    e.style.display = 'none';
    return 0;
  }
  else {
    e.style.display = 'block';
    return 1;
  }
}

function toggleBox(szDivId, elem, msg1, msg2)
{
  var res = -1;  if (document.getElementById) {
    res = flip(document.getElementById(szDivId));
  }
  else if (document.all) {
    // this is the way old msie versions work
    res = flip(document.all[szDivId]);
  }
  if(elem) {
    if(res == 0) elem.innerHTML = msg1; else elem.innerHTML = msg2;
  }

}

function toggleAllBoxes() {
  if (document.getElementsByTagName) {
    d = document.getElementsByTagName('div');
    for (i = 0; i < d.length; i++) {
      if (d[i].className == 'log') {
        flip(d[i]);
      }
    }
  }
}

// -->
</script>

</head>
<body>
<h2 align='center'>Ecart Tests</h2><table border='1' align="center">
<tr>
<td>Tests passed/Failed/Skipped:</td><td>16/1/0</td>
</tr><tr>
<td>Started on:</td><td>Mon Apr 27 11:45:21 IST 2020</td>
</tr>
<tr><td>Total time:</td><td>619 seconds (619076 ms)</td>
</tr><tr>
<td>Included groups:</td><td></td>
</tr><tr>
<td>Excluded groups:</td><td></td>
</tr>
</table><p/>
<small><i>(Hover the method name to see the test class name)</i></small><p/>
<table width='100%' border='1' class='invocation-failed'>
<tr><td colspan='4' align='center'><b>FAILED TESTS</b></td></tr>
<tr><td><b>Test method</b></td>
<td width="30%"><b>Exception</b></td>
<td width="10%"><b>Time (seconds)</b></td>
<td><b>Instance</b></td>
</tr>
<tr>
<td title='com.ecart.test.SearchPageTestCases.validateSearchReultsMatchingSearchQuery()'><b>validateSearchReultsMatchingSearchQuery</b><br>Test class: com.ecart.test.SearchPageTestCases</td>
<td><div><pre>java.lang.AssertionError: Invalid items blouse and t-shirt diplayed,its a defect expected [true] but found [false]
	at com.ecart.test.SearchPageTestCases.validateSearchReultsMatchingSearchQuery(SearchPageTestCases.java:151)
	at java.util.ArrayList.forEach(ArrayList.java:1249)
... Removed 31 stack frames</pre></div><a href='#' onClick='toggleBox("stack-trace1202790087", this, "Click to show all stack frames", "Click to hide stack frames")'>Click to show all stack frames</a>
<div class='stack-trace' id='stack-trace1202790087'><pre>java.lang.AssertionError: Invalid items blouse and t-shirt diplayed,its a defect expected [true] but found [false]
	at org.testng.Assert.fail(Assert.java:97)
	at org.testng.Assert.failNotEquals(Assert.java:969)
	at org.testng.Assert.assertTrue(Assert.java:43)
	at com.ecart.test.SearchPageTestCases.validateSearchReultsMatchingSearchQuery(SearchPageTestCases.java:151)
	at sun.reflect.NativeMethodAccessorImpl.invoke0(Native Method)
	at sun.reflect.NativeMethodAccessorImpl.invoke(NativeMethodAccessorImpl.java:62)
	at sun.reflect.DelegatingMethodAccessorImpl.invoke(DelegatingMethodAccessorImpl.java:43)
	at java.lang.reflect.Method.invoke(Method.java:497)
	at org.testng.internal.MethodInvocationHelper.invokeMethod(MethodInvocationHelper.java:134)
	at org.testng.internal.TestInvoker.invokeMethod(TestInvoker.java:597)
	at org.testng.internal.TestInvoker.invokeTestMethod(TestInvoker.java:173)
	at org.testng.internal.MethodRunner.runInSequence(MethodRunner.java:46)
	at org.testng.internal.TestInvoker$MethodInvocationAgent.invoke(TestInvoker.java:816)
	at org.testng.internal.TestInvoker.invokeTestMethods(TestInvoker.java:146)
	at org.testng.internal.TestMethodWorker.invokeTestMethods(TestMethodWorker.java:146)
	at org.testng.internal.TestMethodWorker.run(TestMethodWorker.java:128)
	at org.testng.TestRunner$$Lambda$49/1780132728.accept(Unknown Source)
	at java.util.ArrayList.forEach(ArrayList.java:1249)
	at org.testng.TestRunner.privateRun(TestRunner.java:766)
	at org.testng.TestRunner.run(TestRunner.java:587)
	at org.testng.SuiteRunner.runTest(SuiteRunner.java:384)
	at org.testng.SuiteRunner.runSequentially(SuiteRunner.java:378)
	at org.testng.SuiteRunner.privateRun(SuiteRunner.java:337)
	at org.testng.SuiteRunner.run(SuiteRunner.java:286)
	at org.testng.SuiteRunnerWorker.runSuite(SuiteRunnerWorker.java:53)
	at org.testng.SuiteRunnerWorker.run(SuiteRunnerWorker.java:96)
	at org.testng.TestNG.runSuitesSequentially(TestNG.java:1187)
	at org.testng.TestNG.runSuitesLocally(TestNG.java:1109)
	at org.testng.TestNG.runSuites(TestNG.java:1039)
	at org.testng.TestNG.run(TestNG.java:1007)
	at org.testng.remote.AbstractRemoteTestNG.run(AbstractRemoteTestNG.java:115)
	at org.testng.remote.RemoteTestNG.initAndRun(RemoteTestNG.java:251)
	at org.testng.remote.RemoteTestNG.main(RemoteTestNG.java:77)
</pre></div></td>
<td>3</td>
<td>com.ecart.test.SearchPageTestCases@2781e022</td></tr>
</table><p>
<table width='100%' border='1' class='invocation-passed'>
<tr><td colspan='4' align='center'><b>PASSED TESTS</b></td></tr>
<tr><td><b>Test method</b></td>
<td width="30%"><b>Exception</b></td>
<td width="10%"><b>Time (seconds)</b></td>
<td><b>Instance</b></td>
</tr>
<tr>
<td title='com.ecart.test.SearchPageTestCases.clickOnItemsNavigateToProductDescriptionPage()'><b>clickOnItemsNavigateToProductDescriptionPage</b><br>Test class: com.ecart.test.SearchPageTestCases</td>
<td></td>
<td>4</td>
<td>com.ecart.test.SearchPageTestCases@2781e022</td></tr>
<tr>
<td title='com.ecart.test.SearchPageTestCases.validatePageTitleTest()'><b>validatePageTitleTest</b><br>Test class: com.ecart.test.SearchPageTestCases</td>
<td></td>
<td>0</td>
<td>com.ecart.test.SearchPageTestCases@2781e022</td></tr>
<tr>
<td title='com.ecart.test.SummarypageTestCases.validatePriceTotalsUpdateAfterAddItemaInShoppingCart()'><b>validatePriceTotalsUpdateAfterAddItemaInShoppingCart</b><br>Test class: com.ecart.test.SummarypageTestCases</td>
<td></td>
<td>20</td>
<td>com.ecart.test.SummarypageTestCases@4493d195</td></tr>
<tr>
<td title='com.ecart.test.ProductPageTestCases.validateProductDesciptionPageForSingleItemInCart()'><b>validateProductDesciptionPageForSingleItemInCart</b><br>Test class: com.ecart.test.ProductPageTestCases</td>
<td></td>
<td>16</td>
<td>com.ecart.test.ProductPageTestCases@57e1b0c</td></tr>
<tr>
<td title='com.ecart.test.ProductPageTestCases.validateProductDescriptionPageforPrinteddress()'><b>validateProductDescriptionPageforPrinteddress</b><br>Test class: com.ecart.test.ProductPageTestCases</td>
<td></td>
<td>13</td>
<td>com.ecart.test.ProductPageTestCases@57e1b0c</td></tr>
<tr>
<td title='com.ecart.test.ProductPageTestCases.validateProductiondescriptionpageforPrintedChiffondress()'><b>validateProductiondescriptionpageforPrintedChiffondress</b><br>Test class: com.ecart.test.ProductPageTestCases</td>
<td></td>
<td>7</td>
<td>com.ecart.test.ProductPageTestCases@57e1b0c</td></tr>
<tr>
<td title='com.ecart.test.ProductPageTestCases.validateProductiondescriptionpagefortshirtitem()'><b>validateProductiondescriptionpagefortshirtitem</b><br>Test class: com.ecart.test.ProductPageTestCases</td>
<td></td>
<td>8</td>
<td>com.ecart.test.ProductPageTestCases@57e1b0c</td></tr>
<tr>
<td title='com.ecart.test.SummarypageTestCases.validateQuanityOfItemsAndPricetotalsUpdateAfterRemoveAddItemsInShoppingCart()'><b>validateQuanityOfItemsAndPricetotalsUpdateAfterRemoveAddItemsInShoppingCart</b><br>Test class: com.ecart.test.SummarypageTestCases</td>
<td></td>
<td>59</td>
<td>com.ecart.test.SummarypageTestCases@4493d195</td></tr>
<tr>
<td title='com.ecart.test.SummarypageTestCases.validateQuanityOfItemsUpdateForMoreItemsInSummaryPage()'><b>validateQuanityOfItemsUpdateForMoreItemsInSummaryPage</b><br>Test class: com.ecart.test.SummarypageTestCases</td>
<td></td>
<td>36</td>
<td>com.ecart.test.SummarypageTestCases@4493d195</td></tr>
<tr>
<td title='com.ecart.test.SearchPageTestCases.validateResultsMessageForInvalidItemsTest()'><b>validateResultsMessageForInvalidItemsTest</b><br>Test class: com.ecart.test.SearchPageTestCases</td>
<td></td>
<td>2</td>
<td>com.ecart.test.SearchPageTestCases@2781e022</td></tr>
<tr>
<td title='com.ecart.test.SearchPageTestCases.validateResultsMessageForNoItemsSearch()'><b>validateResultsMessageForNoItemsSearch</b><br>Test class: com.ecart.test.SearchPageTestCases</td>
<td></td>
<td>1</td>
<td>com.ecart.test.SearchPageTestCases@2781e022</td></tr>
<tr>
<td title='com.ecart.test.SearchPageTestCases.validateSearchBoxWithValidItemsTest()'><b>validateSearchBoxWithValidItemsTest</b><br>Test class: com.ecart.test.SearchPageTestCases</td>
<td></td>
<td>3</td>
<td>com.ecart.test.SearchPageTestCases@2781e022</td></tr>
<tr>
<td title='com.ecart.test.SearchPageTestCases.validateShoppingCartEmpty()'><b>validateShoppingCartEmpty</b><br>Test class: com.ecart.test.SearchPageTestCases</td>
<td></td>
<td>0</td>
<td>com.ecart.test.SearchPageTestCases@2781e022</td></tr>
<tr>
<td title='com.ecart.test.SummarypageTestCases.validateSummaryPageForSingleItemInCart()'><b>validateSummaryPageForSingleItemInCart</b><br>Test class: com.ecart.test.SummarypageTestCases</td>
<td></td>
<td>15</td>
<td>com.ecart.test.SummarypageTestCases@4493d195</td></tr>
<tr>
<td title='com.ecart.test.SearchPageTestCases.validateTabsInSearchPage()'><b>validateTabsInSearchPage</b><br>Test class: com.ecart.test.SearchPageTestCases</td>
<td></td>
<td>0</td>
<td>com.ecart.test.SearchPageTestCases@2781e022</td></tr>
<tr>
<td title='com.ecart.test.SummarypageTestCases.validatetabdisplayed()'><b>validatetabdisplayed</b><br>Test class: com.ecart.test.SummarypageTestCases</td>
<td></td>
<td>18</td>
<td>com.ecart.test.SummarypageTestCases@4493d195</td></tr>
</table><p>
</body>
</html>